0 info it worked if it ends with ok
1 verbose cli [ '/usr/local/bin/node',
1 verbose cli   '/usr/local/bin/npm',
1 verbose cli   'install',
1 verbose cli   '--save',
1 verbose cli   'promise' ]
2 info using npm@3.10.9
3 info using node@v6.5.0
4 silly loadCurrentTree Starting
5 silly install loadCurrentTree
6 silly install readLocalPackageData
7 silly fetchPackageMetaData promise@^7.1.1
8 silly fetchNamedPackageData promise
9 silly mapToRegistry name promise
10 silly mapToRegistry using default registry
11 silly mapToRegistry registry https://registry.npmjs.org/
12 silly mapToRegistry data Result {
12 silly mapToRegistry   raw: 'promise',
12 silly mapToRegistry   scope: null,
12 silly mapToRegistry   escapedName: 'promise',
12 silly mapToRegistry   name: 'promise',
12 silly mapToRegistry   rawSpec: '',
12 silly mapToRegistry   spec: 'latest',
12 silly mapToRegistry   type: 'tag' }
13 silly mapToRegistry uri https://registry.npmjs.org/promise
14 verbose request uri https://registry.npmjs.org/promise
15 verbose request no auth needed
16 info attempt registry request try #1 at 5:08:15 PM
17 verbose request id c0c29c77058c247a
18 verbose etag W/"597b6785-ad62"
19 verbose lastModified Fri, 28 Jul 2017 16:34:13 GMT
20 http request GET https://registry.npmjs.org/promise
21 http 304 https://registry.npmjs.org/promise
22 verbose headers { date: 'Thu, 03 Aug 2017 17:08:15 GMT',
22 verbose headers   via: '1.1 varnish',
22 verbose headers   'cache-control': 'max-age=300',
22 verbose headers   etag: 'W/"597b6785-ad62"',
22 verbose headers   age: '0',
22 verbose headers   connection: 'keep-alive',
22 verbose headers   'x-served-by': 'cache-iad2625-IAD',
22 verbose headers   'x-cache': 'HIT',
22 verbose headers   'x-cache-hits': '1',
22 verbose headers   'x-timer': 'S1501780095.339809,VS0,VE0',
22 verbose headers   vary: 'Accept-Encoding, Accept' }
23 silly get cb [ 304,
23 silly get   { date: 'Thu, 03 Aug 2017 17:08:15 GMT',
23 silly get     via: '1.1 varnish',
23 silly get     'cache-control': 'max-age=300',
23 silly get     etag: 'W/"597b6785-ad62"',
23 silly get     age: '0',
23 silly get     connection: 'keep-alive',
23 silly get     'x-served-by': 'cache-iad2625-IAD',
23 silly get     'x-cache': 'HIT',
23 silly get     'x-cache-hits': '1',
23 silly get     'x-timer': 'S1501780095.339809,VS0,VE0',
23 silly get     vary: 'Accept-Encoding, Accept' } ]
24 verbose etag https://registry.npmjs.org/promise from cache
25 verbose get saving promise to /home/ec2-user/.npm/registry.npmjs.org/promise/.cache.json
26 verbose correctMkdir /home/ec2-user/.npm correctMkdir not in flight; initializing
27 silly install normalizeTree
28 silly loadCurrentTree Finishing
29 silly loadIdealTree Starting
30 silly install loadIdealTree
31 silly cloneCurrentTree Starting
32 silly install cloneCurrentTreeToIdealTree
33 silly cloneCurrentTree Finishing
34 silly loadShrinkwrap Starting
35 silly install loadShrinkwrap
36 silly loadShrinkwrap Finishing
37 silly loadAllDepsIntoIdealTree Starting
38 silly install loadAllDepsIntoIdealTree
39 silly resolveWithNewModule promise@7.3.1 checking installable status
40 silly cache add args [ 'promise@^7.1.1', null ]
41 verbose cache add spec promise@^7.1.1
42 silly cache add parsed spec Result {
42 silly cache add   raw: 'promise@^7.1.1',
42 silly cache add   scope: null,
42 silly cache add   escapedName: 'promise',
42 silly cache add   name: 'promise',
42 silly cache add   rawSpec: '^7.1.1',
42 silly cache add   spec: '>=7.1.1 <8.0.0',
42 silly cache add   type: 'range' }
43 silly addNamed promise@>=7.1.1 <8.0.0
44 verbose addNamed ">=7.1.1 <8.0.0" is a valid semver range for promise
45 silly addNameRange { name: 'promise', range: '>=7.1.1 <8.0.0', hasData: false }
46 silly mapToRegistry name promise
47 silly mapToRegistry using default registry
48 silly mapToRegistry registry https://registry.npmjs.org/
49 silly mapToRegistry data Result {
49 silly mapToRegistry   raw: 'promise',
49 silly mapToRegistry   scope: null,
49 silly mapToRegistry   escapedName: 'promise',
49 silly mapToRegistry   name: 'promise',
49 silly mapToRegistry   rawSpec: '',
49 silly mapToRegistry   spec: 'latest',
49 silly mapToRegistry   type: 'tag' }
50 silly mapToRegistry uri https://registry.npmjs.org/promise
51 verbose addNameRange registry:https://registry.npmjs.org/promise not in flight; fetching
52 verbose get https://registry.npmjs.org/promise not expired, no request
53 silly addNameRange number 2 { name: 'promise', range: '>=7.1.1 <8.0.0', hasData: true }
54 silly addNameRange versions [ 'promise',
54 silly addNameRange   [ '1.2.1',
54 silly addNameRange     '1.2.2',
54 silly addNameRange     '1.3.0',
54 silly addNameRange     '2.0.0',
54 silly addNameRange     '3.0.0',
54 silly addNameRange     '3.0.1',
54 silly addNameRange     '3.1.0',
54 silly addNameRange     '3.2.0',
54 silly addNameRange     '4.0.0',
54 silly addNameRange     '5.0.0',
54 silly addNameRange     '6.0.0',
54 silly addNameRange     '6.0.1',
54 silly addNameRange     '6.1.0',
54 silly addNameRange     '7.0.0',
54 silly addNameRange     '7.0.1',
54 silly addNameRange     '7.0.2',
54 silly addNameRange     '7.0.3',
54 silly addNameRange     '7.0.4',
54 silly addNameRange     '7.1.0',
54 silly addNameRange     '7.1.1',
54 silly addNameRange     '7.2.0',
54 silly addNameRange     '7.3.0',
54 silly addNameRange     '7.3.1',
54 silly addNameRange     '8.0.0',
54 silly addNameRange     '8.0.1' ] ]
55 silly addNamed promise@7.3.1
56 verbose addNamed "7.3.1" is a plain semver version for promise
57 silly mapToRegistry name promise
58 silly mapToRegistry using default registry
59 silly mapToRegistry registry https://registry.npmjs.org/
60 silly mapToRegistry data Result {
60 silly mapToRegistry   raw: 'promise',
60 silly mapToRegistry   scope: null,
60 silly mapToRegistry   escapedName: 'promise',
60 silly mapToRegistry   name: 'promise',
60 silly mapToRegistry   rawSpec: '',
60 silly mapToRegistry   spec: 'latest',
60 silly mapToRegistry   type: 'tag' }
61 silly mapToRegistry uri https://registry.npmjs.org/promise
62 verbose addRemoteTarball https://registry.npmjs.org/promise/-/promise-7.3.1.tgz not in flight; adding
63 verbose addRemoteTarball [ 'https://registry.npmjs.org/promise/-/promise-7.3.1.tgz',
63 verbose addRemoteTarball   '064b72602b18f90f29192b8b1bc418ffd1ebd3bf' ]
64 info retry fetch attempt 1 at 5:08:15 PM
65 info attempt registry request try #1 at 5:08:15 PM
66 http fetch GET https://registry.npmjs.org/promise/-/promise-7.3.1.tgz
67 http fetch 200 https://registry.npmjs.org/promise/-/promise-7.3.1.tgz
68 silly fetchAndShaCheck shasum 064b72602b18f90f29192b8b1bc418ffd1ebd3bf
69 verbose addTmpTarball /tmp/npm-7059-d52875fc/registry.npmjs.org/promise/-/promise-7.3.1.tgz not in flight; adding
70 verbose addTmpTarball already have metadata; skipping unpack for promise@7.3.1
71 verbose correctMkdir /home/ec2-user/.npm correctMkdir not in flight; initializing
72 silly cache afterAdd promise@7.3.1
73 verbose afterAdd /home/ec2-user/.npm/promise/7.3.1/package/package.json not in flight; writing
74 verbose correctMkdir /home/ec2-user/.npm correctMkdir not in flight; initializing
75 verbose afterAdd /home/ec2-user/.npm/promise/7.3.1/package/package.json written
76 silly fetchNamedPackageData asap
77 silly mapToRegistry name asap
78 silly mapToRegistry using default registry
79 silly mapToRegistry registry https://registry.npmjs.org/
80 silly mapToRegistry data Result {
80 silly mapToRegistry   raw: 'asap',
80 silly mapToRegistry   scope: null,
80 silly mapToRegistry   escapedName: 'asap',
80 silly mapToRegistry   name: 'asap',
80 silly mapToRegistry   rawSpec: '',
80 silly mapToRegistry   spec: 'latest',
80 silly mapToRegistry   type: 'tag' }
81 silly mapToRegistry uri https://registry.npmjs.org/asap
82 verbose request uri https://registry.npmjs.org/asap
83 verbose request no auth needed
84 info attempt registry request try #1 at 5:08:15 PM
85 verbose etag W/"59639b80-6e6c"
86 verbose lastModified Mon, 10 Jul 2017 15:21:36 GMT
87 http request GET https://registry.npmjs.org/asap
88 http 200 https://registry.npmjs.org/asap
89 verbose headers { server: 'nginx/1.10.1',
89 verbose headers   'content-type': 'application/json',
89 verbose headers   'last-modified': 'Tue, 01 Aug 2017 16:38:17 GMT',
89 verbose headers   etag: 'W/"5980ae79-6e7e"',
89 verbose headers   'content-encoding': 'gzip',
89 verbose headers   'cache-control': 'max-age=300',
89 verbose headers   'content-length': '6698',
89 verbose headers   'accept-ranges': 'bytes',
89 verbose headers   date: 'Thu, 03 Aug 2017 17:08:15 GMT',
89 verbose headers   via: '1.1 varnish',
89 verbose headers   age: '200',
89 verbose headers   connection: 'keep-alive',
89 verbose headers   'x-served-by': 'cache-iad2625-IAD',
89 verbose headers   'x-cache': 'HIT',
89 verbose headers   'x-cache-hits': '6',
89 verbose headers   'x-timer': 'S1501780096.514001,VS0,VE0',
89 verbose headers   vary: 'Accept-Encoding, Accept' }
90 silly get cb [ 200,
90 silly get   { server: 'nginx/1.10.1',
90 silly get     'content-type': 'application/json',
90 silly get     'last-modified': 'Tue, 01 Aug 2017 16:38:17 GMT',
90 silly get     etag: 'W/"5980ae79-6e7e"',
90 silly get     'content-encoding': 'gzip',
90 silly get     'cache-control': 'max-age=300',
90 silly get     'content-length': '6698',
90 silly get     'accept-ranges': 'bytes',
90 silly get     date: 'Thu, 03 Aug 2017 17:08:15 GMT',
90 silly get     via: '1.1 varnish',
90 silly get     age: '200',
90 silly get     connection: 'keep-alive',
90 silly get     'x-served-by': 'cache-iad2625-IAD',
90 silly get     'x-cache': 'HIT',
90 silly get     'x-cache-hits': '6',
90 silly get     'x-timer': 'S1501780096.514001,VS0,VE0',
90 silly get     vary: 'Accept-Encoding, Accept' } ]
91 verbose get saving asap to /home/ec2-user/.npm/registry.npmjs.org/asap/.cache.json
92 verbose correctMkdir /home/ec2-user/.npm correctMkdir not in flight; initializing
93 silly resolveWithNewModule asap@2.0.6 checking installable status
94 silly cache add args [ 'asap@~2.0.3', null ]
95 verbose cache add spec asap@~2.0.3
96 silly cache add parsed spec Result {
96 silly cache add   raw: 'asap@~2.0.3',
96 silly cache add   scope: null,
96 silly cache add   escapedName: 'asap',
96 silly cache add   name: 'asap',
96 silly cache add   rawSpec: '~2.0.3',
96 silly cache add   spec: '>=2.0.3 <2.1.0',
96 silly cache add   type: 'range' }
97 silly addNamed asap@>=2.0.3 <2.1.0
98 verbose addNamed ">=2.0.3 <2.1.0" is a valid semver range for asap
99 silly addNameRange { name: 'asap', range: '>=2.0.3 <2.1.0', hasData: false }
100 silly mapToRegistry name asap
101 silly mapToRegistry using default registry
102 silly mapToRegistry registry https://registry.npmjs.org/
103 silly mapToRegistry data Result {
103 silly mapToRegistry   raw: 'asap',
103 silly mapToRegistry   scope: null,
103 silly mapToRegistry   escapedName: 'asap',
103 silly mapToRegistry   name: 'asap',
103 silly mapToRegistry   rawSpec: '',
103 silly mapToRegistry   spec: 'latest',
103 silly mapToRegistry   type: 'tag' }
104 silly mapToRegistry uri https://registry.npmjs.org/asap
105 verbose addNameRange registry:https://registry.npmjs.org/asap not in flight; fetching
106 verbose get https://registry.npmjs.org/asap not expired, no request
107 silly addNameRange number 2 { name: 'asap', range: '>=2.0.3 <2.1.0', hasData: true }
108 silly addNameRange versions [ 'asap',
108 silly addNameRange   [ '0.0.0',
108 silly addNameRange     '1.0.0',
108 silly addNameRange     '2.0.0',
108 silly addNameRange     '2.0.1',
108 silly addNameRange     '2.0.2',
108 silly addNameRange     '2.0.3',
108 silly addNameRange     '2.0.4',
108 silly addNameRange     '2.0.5',
108 silly addNameRange     '2.0.6' ] ]
109 silly addNamed asap@2.0.6
110 verbose addNamed "2.0.6" is a plain semver version for asap
111 silly cache afterAdd asap@2.0.6
112 verbose afterAdd /home/ec2-user/.npm/asap/2.0.6/package/package.json not in flight; writing
113 verbose correctMkdir /home/ec2-user/.npm correctMkdir not in flight; initializing
114 verbose afterAdd /home/ec2-user/.npm/asap/2.0.6/package/package.json written
115 silly loadAllDepsIntoIdealTree Finishing
116 silly loadIdealTree Finishing
117 silly currentTree trip-flights@1.0.0
117 silly currentTree ├── ajv@4.11.8
117 silly currentTree ├── asap@2.0.5
117 silly currentTree ├── asn1@0.2.3
117 silly currentTree ├── assert-plus@0.2.0
117 silly currentTree ├── assertion-error@1.0.2
117 silly currentTree ├── asynckit@0.4.0
117 silly currentTree ├── aws-sign2@0.6.0
117 silly currentTree ├── aws4@1.6.0
117 silly currentTree ├── balanced-match@0.4.2
117 silly currentTree ├── bcrypt-pbkdf@1.0.1
117 silly currentTree ├── bluebird@3.5.0
117 silly currentTree ├── boom@2.10.1
117 silly currentTree ├── brace-expansion@1.1.7
117 silly currentTree ├── browser-stdout@1.3.0
117 silly currentTree ├── caseless@0.12.0
117 silly currentTree ├── chai@3.5.0
117 silly currentTree ├── co@4.6.0
117 silly currentTree ├── combined-stream@1.0.5
117 silly currentTree ├── commander@2.9.0
117 silly currentTree ├── concat-map@0.0.1
117 silly currentTree ├── cryptiles@2.0.5
117 silly currentTree ├─┬ dashdash@1.14.1
117 silly currentTree │ └── assert-plus@1.0.0
117 silly currentTree ├── debug@2.6.0
117 silly currentTree ├─┬ deep-eql@0.1.3
117 silly currentTree │ └── type-detect@0.1.1
117 silly currentTree ├── delayed-stream@1.0.0
117 silly currentTree ├── diff@3.2.0
117 silly currentTree ├── ecc-jsbn@0.1.1
117 silly currentTree ├── escape-string-regexp@1.0.5
117 silly currentTree ├── extend@3.0.1
117 silly currentTree ├── extsprintf@1.0.2
117 silly currentTree ├── forever-agent@0.6.1
117 silly currentTree ├── form-data@2.1.4
117 silly currentTree ├── fs.realpath@1.0.0
117 silly currentTree ├── fs@0.0.1-security
117 silly currentTree ├─┬ getpass@0.1.7
117 silly currentTree │ └── assert-plus@1.0.0
117 silly currentTree ├── glob@7.1.1
117 silly currentTree ├── graceful-readlink@1.0.1
117 silly currentTree ├── growl@1.9.2
117 silly currentTree ├── har-schema@1.0.5
117 silly currentTree ├── har-validator@4.2.1
117 silly currentTree ├── has-flag@1.0.0
117 silly currentTree ├── hawk@3.1.3
117 silly currentTree ├── hoek@2.16.3
117 silly currentTree ├── http-signature@1.1.1
117 silly currentTree ├── inflight@1.0.6
117 silly currentTree ├── inherits@2.0.3
117 silly currentTree ├── is-typedarray@1.0.0
117 silly currentTree ├── isstream@0.1.2
117 silly currentTree ├── jodid25519@1.0.2
117 silly currentTree ├── jsbn@0.1.1
117 silly currentTree ├── json-schema@0.2.3
117 silly currentTree ├── json-stable-stringify@1.0.1
117 silly currentTree ├── json-stringify-safe@5.0.1
117 silly currentTree ├── json3@3.3.2
117 silly currentTree ├── jsonify@0.0.0
117 silly currentTree ├─┬ jsprim@1.4.0
117 silly currentTree │ └── assert-plus@1.0.0
117 silly currentTree ├── lodash._baseassign@3.2.0
117 silly currentTree ├── lodash._basecopy@3.0.1
117 silly currentTree ├── lodash._basecreate@3.0.3
117 silly currentTree ├── lodash._getnative@3.9.1
117 silly currentTree ├── lodash._isiterateecall@3.0.9
117 silly currentTree ├── lodash.create@3.1.1
117 silly currentTree ├── lodash.isarguments@3.1.0
117 silly currentTree ├── lodash.isarray@3.0.4
117 silly currentTree ├── lodash.keys@3.1.2
117 silly currentTree ├── mime-db@1.27.0
117 silly currentTree ├── mime-types@2.1.15
117 silly currentTree ├── minimatch@3.0.3
117 silly currentTree ├── minimist@0.0.8
117 silly currentTree ├── mkdirp@0.5.1
117 silly currentTree ├── mocha@3.3.0
117 silly currentTree ├── ms@0.7.2
117 silly currentTree ├── oauth-sign@0.8.2
117 silly currentTree ├── once@1.4.0
117 silly currentTree ├── path-is-absolute@1.0.1
117 silly currentTree ├── performance-now@0.2.0
117 silly currentTree ├── promise@7.1.1
117 silly currentTree ├── punycode@1.4.1
117 silly currentTree ├── qs@6.4.0
117 silly currentTree ├── readline-promise@0.0.1
117 silly currentTree ├── readline@1.3.0
117 silly currentTree ├── request@2.81.0
117 silly currentTree ├── safe-buffer@5.0.1
117 silly currentTree ├─┬ secret-manager@1.0.0
117 silly currentTree │ ├── assertion-error@1.0.2
117 silly currentTree │ ├── balanced-match@0.4.2
117 silly currentTree │ ├── brace-expansion@1.1.7
117 silly currentTree │ ├── browser-stdout@1.3.0
117 silly currentTree │ ├── chai@3.5.0
117 silly currentTree │ ├── commander@2.9.0
117 silly currentTree │ ├── concat-map@0.0.1
117 silly currentTree │ ├── crypto@0.0.3
117 silly currentTree │ ├── debug@2.2.0
117 silly currentTree │ ├─┬ deep-eql@0.1.3
117 silly currentTree │ │ └── type-detect@0.1.1
117 silly currentTree │ ├── diff@1.4.0
117 silly currentTree │ ├── escape-string-regexp@1.0.5
117 silly currentTree │ ├── fs.realpath@1.0.0
117 silly currentTree │ ├── fs@0.0.1-security
117 silly currentTree │ ├── glob@7.0.5
117 silly currentTree │ ├── graceful-readlink@1.0.1
117 silly currentTree │ ├── growl@1.9.2
117 silly currentTree │ ├── has-flag@1.0.0
117 silly currentTree │ ├── inflight@1.0.6
117 silly currentTree │ ├── inherits@2.0.3
117 silly currentTree │ ├── json3@3.3.2
117 silly currentTree │ ├── lodash._baseassign@3.2.0
117 silly currentTree │ ├── lodash._basecopy@3.0.1
117 silly currentTree │ ├── lodash._basecreate@3.0.3
117 silly currentTree │ ├── lodash._getnative@3.9.1
117 silly currentTree │ ├── lodash._isiterateecall@3.0.9
117 silly currentTree │ ├── lodash.create@3.1.1
117 silly currentTree │ ├── lodash.isarguments@3.1.0
117 silly currentTree │ ├── lodash.isarray@3.0.4
117 silly currentTree │ ├── lodash.keys@3.1.2
117 silly currentTree │ ├── minimatch@3.0.3
117 silly currentTree │ ├── minimist@0.0.8
117 silly currentTree │ ├── mkdirp@0.5.1
117 silly currentTree │ ├── mocha@3.2.0
117 silly currentTree │ ├── ms@0.7.1
117 silly currentTree │ ├── once@1.4.0
117 silly currentTree │ ├── path-is-absolute@1.0.1
117 silly currentTree │ ├─┬ secret-manager@1.0.0
117 silly currentTree │ │ ├── supports-color@3.1.2
117 silly currentTree │ │ ├── type-detect@1.0.0
117 silly currentTree │ │ └── wrappy@1.0.2
117 silly currentTree │ ├── supports-color@3.1.2
117 silly currentTree │ ├── type-detect@1.0.0
117 silly currentTree │ └── wrappy@1.0.2
117 silly currentTree ├── sntp@1.0.9
117 silly currentTree ├─┬ sshpk@1.13.0
117 silly currentTree │ └── assert-plus@1.0.0
117 silly currentTree ├── stringstream@0.0.5
117 silly currentTree ├── supports-color@3.1.2
117 silly currentTree ├── tough-cookie@2.3.2
117 silly currentTree ├─┬ trip-flights@1.0.0
117 silly currentTree │ ├── tunnel-agent@0.6.0
117 silly currentTree │ ├── tweetnacl@0.14.5
117 silly currentTree │ ├── type-detect@1.0.0
117 silly currentTree │ ├── uuid@3.0.1
117 silly currentTree │ ├── verror@1.3.6
117 silly currentTree │ └── wrappy@1.0.2
117 silly currentTree ├── tunnel-agent@0.6.0
117 silly currentTree ├── tweetnacl@0.14.5
117 silly currentTree ├── type-detect@1.0.0
117 silly currentTree ├── uuid@3.0.1
117 silly currentTree ├── verror@1.3.6
117 silly currentTree └── wrappy@1.0.2
118 silly idealTree trip-flights@1.0.0
118 silly idealTree ├── ajv@4.11.8
118 silly idealTree ├── asap@2.0.6
118 silly idealTree ├── asn1@0.2.3
118 silly idealTree ├── assert-plus@0.2.0
118 silly idealTree ├── assertion-error@1.0.2
118 silly idealTree ├── asynckit@0.4.0
118 silly idealTree ├── aws-sign2@0.6.0
118 silly idealTree ├── aws4@1.6.0
118 silly idealTree ├── balanced-match@0.4.2
118 silly idealTree ├── bcrypt-pbkdf@1.0.1
118 silly idealTree ├── bluebird@3.5.0
118 silly idealTree ├── boom@2.10.1
118 silly idealTree ├── brace-expansion@1.1.7
118 silly idealTree ├── browser-stdout@1.3.0
118 silly idealTree ├── caseless@0.12.0
118 silly idealTree ├── chai@3.5.0
118 silly idealTree ├── co@4.6.0
118 silly idealTree ├── combined-stream@1.0.5
118 silly idealTree ├── commander@2.9.0
118 silly idealTree ├── concat-map@0.0.1
118 silly idealTree ├── cryptiles@2.0.5
118 silly idealTree ├─┬ dashdash@1.14.1
118 silly idealTree │ └── assert-plus@1.0.0
118 silly idealTree ├── debug@2.6.0
118 silly idealTree ├─┬ deep-eql@0.1.3
118 silly idealTree │ └── type-detect@0.1.1
118 silly idealTree ├── delayed-stream@1.0.0
118 silly idealTree ├── diff@3.2.0
118 silly idealTree ├── ecc-jsbn@0.1.1
118 silly idealTree ├── escape-string-regexp@1.0.5
118 silly idealTree ├── extend@3.0.1
118 silly idealTree ├── extsprintf@1.0.2
118 silly idealTree ├── forever-agent@0.6.1
118 silly idealTree ├── form-data@2.1.4
118 silly idealTree ├── fs.realpath@1.0.0
118 silly idealTree ├── fs@0.0.1-security
118 silly idealTree ├─┬ getpass@0.1.7
118 silly idealTree │ └── assert-plus@1.0.0
118 silly idealTree ├── glob@7.1.1
118 silly idealTree ├── graceful-readlink@1.0.1
118 silly idealTree ├── growl@1.9.2
118 silly idealTree ├── har-schema@1.0.5
118 silly idealTree ├── har-validator@4.2.1
118 silly idealTree ├── has-flag@1.0.0
118 silly idealTree ├── hawk@3.1.3
118 silly idealTree ├── hoek@2.16.3
118 silly idealTree ├── http-signature@1.1.1
118 silly idealTree ├── inflight@1.0.6
118 silly idealTree ├── inherits@2.0.3
118 silly idealTree ├── is-typedarray@1.0.0
118 silly idealTree ├── isstream@0.1.2
118 silly idealTree ├── jodid25519@1.0.2
118 silly idealTree ├── jsbn@0.1.1
118 silly idealTree ├── json-schema@0.2.3
118 silly idealTree ├── json-stable-stringify@1.0.1
118 silly idealTree ├── json-stringify-safe@5.0.1
118 silly idealTree ├── json3@3.3.2
118 silly idealTree ├── jsonify@0.0.0
118 silly idealTree ├─┬ jsprim@1.4.0
118 silly idealTree │ └── assert-plus@1.0.0
118 silly idealTree ├── lodash._baseassign@3.2.0
118 silly idealTree ├── lodash._basecopy@3.0.1
118 silly idealTree ├── lodash._basecreate@3.0.3
118 silly idealTree ├── lodash._getnative@3.9.1
118 silly idealTree ├── lodash._isiterateecall@3.0.9
118 silly idealTree ├── lodash.create@3.1.1
118 silly idealTree ├── lodash.isarguments@3.1.0
118 silly idealTree ├── lodash.isarray@3.0.4
118 silly idealTree ├── lodash.keys@3.1.2
118 silly idealTree ├── mime-db@1.27.0
118 silly idealTree ├── mime-types@2.1.15
118 silly idealTree ├── minimatch@3.0.3
118 silly idealTree ├── minimist@0.0.8
118 silly idealTree ├── mkdirp@0.5.1
118 silly idealTree ├── mocha@3.3.0
118 silly idealTree ├── ms@0.7.2
118 silly idealTree ├── oauth-sign@0.8.2
118 silly idealTree ├── once@1.4.0
118 silly idealTree ├── path-is-absolute@1.0.1
118 silly idealTree ├── performance-now@0.2.0
118 silly idealTree ├── promise@7.3.1
118 silly idealTree ├── punycode@1.4.1
118 silly idealTree ├── qs@6.4.0
118 silly idealTree ├── readline-promise@0.0.1
118 silly idealTree ├── readline@1.3.0
118 silly idealTree ├── request@2.81.0
118 silly idealTree ├── safe-buffer@5.0.1
118 silly idealTree ├─┬ secret-manager@1.0.0
118 silly idealTree │ ├── assertion-error@1.0.2
118 silly idealTree │ ├── balanced-match@0.4.2
118 silly idealTree │ ├── brace-expansion@1.1.7
118 silly idealTree │ ├── browser-stdout@1.3.0
118 silly idealTree │ ├── chai@3.5.0
118 silly idealTree │ ├── commander@2.9.0
118 silly idealTree │ ├── concat-map@0.0.1
118 silly idealTree │ ├── crypto@0.0.3
118 silly idealTree │ ├── debug@2.2.0
118 silly idealTree │ ├─┬ deep-eql@0.1.3
118 silly idealTree │ │ └── type-detect@0.1.1
118 silly idealTree │ ├── diff@1.4.0
118 silly idealTree │ ├── escape-string-regexp@1.0.5
118 silly idealTree │ ├── fs.realpath@1.0.0
118 silly idealTree │ ├── fs@0.0.1-security
118 silly idealTree │ ├── glob@7.0.5
118 silly idealTree │ ├── graceful-readlink@1.0.1
118 silly idealTree │ ├── growl@1.9.2
118 silly idealTree │ ├── has-flag@1.0.0
118 silly idealTree │ ├── inflight@1.0.6
118 silly idealTree │ ├── inherits@2.0.3
118 silly idealTree │ ├── json3@3.3.2
118 silly idealTree │ ├── lodash._baseassign@3.2.0
118 silly idealTree │ ├── lodash._basecopy@3.0.1
118 silly idealTree │ ├── lodash._basecreate@3.0.3
118 silly idealTree │ ├── lodash._getnative@3.9.1
118 silly idealTree │ ├── lodash._isiterateecall@3.0.9
118 silly idealTree │ ├── lodash.create@3.1.1
118 silly idealTree │ ├── lodash.isarguments@3.1.0
118 silly idealTree │ ├── lodash.isarray@3.0.4
118 silly idealTree │ ├── lodash.keys@3.1.2
118 silly idealTree │ ├── minimatch@3.0.3
118 silly idealTree │ ├── minimist@0.0.8
118 silly idealTree │ ├── mkdirp@0.5.1
118 silly idealTree │ ├── mocha@3.2.0
118 silly idealTree │ ├── ms@0.7.1
118 silly idealTree │ ├── once@1.4.0
118 silly idealTree │ ├── path-is-absolute@1.0.1
118 silly idealTree │ ├─┬ secret-manager@1.0.0
118 silly idealTree │ │ ├── supports-color@3.1.2
118 silly idealTree │ │ ├── type-detect@1.0.0
118 silly idealTree │ │ └── wrappy@1.0.2
118 silly idealTree │ ├── supports-color@3.1.2
118 silly idealTree │ ├── type-detect@1.0.0
118 silly idealTree │ └── wrappy@1.0.2
118 silly idealTree ├── sntp@1.0.9
118 silly idealTree ├─┬ sshpk@1.13.0
118 silly idealTree │ └── assert-plus@1.0.0
118 silly idealTree ├── stringstream@0.0.5
118 silly idealTree ├── supports-color@3.1.2
118 silly idealTree ├── tough-cookie@2.3.2
118 silly idealTree ├─┬ trip-flights@1.0.0
118 silly idealTree │ ├── tunnel-agent@0.6.0
118 silly idealTree │ ├── tweetnacl@0.14.5
118 silly idealTree │ ├── type-detect@1.0.0
118 silly idealTree │ ├── uuid@3.0.1
118 silly idealTree │ ├── verror@1.3.6
118 silly idealTree │ └── wrappy@1.0.2
118 silly idealTree ├── tunnel-agent@0.6.0
118 silly idealTree ├── tweetnacl@0.14.5
118 silly idealTree ├── type-detect@1.0.0
118 silly idealTree ├── uuid@3.0.1
118 silly idealTree ├── verror@1.3.6
118 silly idealTree └── wrappy@1.0.2
119 silly generateActionsToTake Starting
120 silly install generateActionsToTake
121 silly generateActionsToTake Finishing
122 silly diffTrees action count 3
123 silly diffTrees update asap@2.0.6
124 silly diffTrees update promise@7.3.1
125 silly diffTrees add asap@2.0.5
126 silly decomposeActions action count 26
127 silly decomposeActions remove asap@2.0.6
128 silly decomposeActions fetch asap@2.0.6
129 silly decomposeActions extract asap@2.0.6
130 silly decomposeActions test asap@2.0.6
131 silly decomposeActions preinstall asap@2.0.6
132 silly decomposeActions build asap@2.0.6
133 silly decomposeActions install asap@2.0.6
134 silly decomposeActions postinstall asap@2.0.6
135 silly decomposeActions finalize asap@2.0.6
136 silly decomposeActions remove promise@7.3.1
137 silly decomposeActions fetch promise@7.3.1
138 silly decomposeActions extract promise@7.3.1
139 silly decomposeActions test promise@7.3.1
140 silly decomposeActions preinstall promise@7.3.1
141 silly decomposeActions build promise@7.3.1
142 silly decomposeActions install promise@7.3.1
143 silly decomposeActions postinstall promise@7.3.1
144 silly decomposeActions finalize promise@7.3.1
145 silly decomposeActions fetch asap@2.0.5
146 silly decomposeActions extract asap@2.0.5
147 silly decomposeActions test asap@2.0.5
148 silly decomposeActions preinstall asap@2.0.5
149 silly decomposeActions build asap@2.0.5
150 silly decomposeActions install asap@2.0.5
151 silly decomposeActions postinstall asap@2.0.5
152 silly decomposeActions finalize asap@2.0.5
153 silly runTopLevelLifecycles Starting
154 silly executeActions Starting
155 silly install executeActions
156 silly doSerial global-install 0
157 silly doParallel fetch 3
158 verbose correctMkdir /home/ec2-user/.npm/_locks correctMkdir not in flight; initializing
159 verbose lock using /home/ec2-user/.npm/_locks/staging-9a6a8d0fe5ecf616.lock for /home/ec2-user/trip-flights/node_modules/.staging
160 silly doParallel extract 3
161 silly extract asap@2.0.6
162 silly extract promise@7.3.1
163 silly extract asap@2.0.5
164 verbose unbuild node_modules/.staging/asap-1b119532
165 verbose unbuild node_modules/.staging/promise-90b38f9e
166 verbose unbuild node_modules/.staging/asap-1b119532
167 silly gentlyRm /home/ec2-user/trip-flights/node_modules/.staging/asap-1b119532 is being purged from base /home/ec2-user/trip-flights
168 verbose gentlyRm don't care about contents; nuking /home/ec2-user/trip-flights/node_modules/.staging/asap-1b119532
169 silly gentlyRm /home/ec2-user/trip-flights/node_modules/.staging/promise-90b38f9e is being purged from base /home/ec2-user/trip-flights
170 verbose gentlyRm don't care about contents; nuking /home/ec2-user/trip-flights/node_modules/.staging/promise-90b38f9e
171 silly gentlyRm /home/ec2-user/trip-flights/node_modules/.staging/asap-1b119532 is being purged from base /home/ec2-user/trip-flights
172 verbose gentlyRm don't care about contents; nuking /home/ec2-user/trip-flights/node_modules/.staging/asap-1b119532
173 verbose tar unpack /home/ec2-user/.npm/asap/2.0.6/package.tgz
174 verbose tar unpacking to /home/ec2-user/trip-flights/node_modules/.staging/asap-1b119532
175 silly gentlyRm /home/ec2-user/trip-flights/node_modules/.staging/asap-1b119532 is being purged
176 verbose gentlyRm don't care about contents; nuking /home/ec2-user/trip-flights/node_modules/.staging/asap-1b119532
177 verbose tar unpack /home/ec2-user/.npm/promise/7.3.1/package.tgz
178 verbose tar unpacking to /home/ec2-user/trip-flights/node_modules/.staging/promise-90b38f9e
179 silly gentlyRm /home/ec2-user/trip-flights/node_modules/.staging/promise-90b38f9e is being purged
180 verbose gentlyRm don't care about contents; nuking /home/ec2-user/trip-flights/node_modules/.staging/promise-90b38f9e
181 verbose tar unpack /home/ec2-user/.npm/asap/2.0.5/package.tgz
182 verbose tar unpacking to /home/ec2-user/trip-flights/node_modules/.staging/asap-1b119532
183 silly gentlyRm /home/ec2-user/trip-flights/node_modules/.staging/asap-1b119532 is being purged
184 verbose gentlyRm don't care about contents; nuking /home/ec2-user/trip-flights/node_modules/.staging/asap-1b119532
185 silly gunzTarPerm modes [ '775', '664' ]
186 silly gunzTarPerm modes [ '775', '664' ]
187 silly gunzTarPerm modes [ '775', '664' ]
188 silly gunzTarPerm extractEntry package.json
189 silly gunzTarPerm modified mode [ 'package.json', 420, 436 ]
190 silly gunzTarPerm extractEntry package.json
191 silly gunzTarPerm modified mode [ 'package.json', 420, 436 ]
192 silly gunzTarPerm extractEntry package.json
193 silly gunzTarPerm modified mode [ 'package.json', 420, 436 ]
194 silly gunzTarPerm extractEntry README.md
195 silly gunzTarPerm modified mode [ 'README.md', 420, 436 ]
196 silly gunzTarPerm extractEntry asap.js
197 silly gunzTarPerm modified mode [ 'asap.js', 420, 436 ]
198 silly gunzTarPerm extractEntry .npmignore
199 silly gunzTarPerm modified mode [ '.npmignore', 420, 436 ]
200 silly gunzTarPerm extractEntry LICENSE
201 silly gunzTarPerm modified mode [ 'LICENSE', 420, 436 ]
202 silly gunzTarPerm extractEntry README.md
203 silly gunzTarPerm modified mode [ 'README.md', 420, 436 ]
204 silly gunzTarPerm extractEntry asap.js
205 silly gunzTarPerm modified mode [ 'asap.js', 420, 436 ]
206 silly gunzTarPerm extractEntry browser-asap.js
207 silly gunzTarPerm modified mode [ 'browser-asap.js', 420, 436 ]
208 silly gunzTarPerm extractEntry browser-raw.js
209 silly gunzTarPerm modified mode [ 'browser-raw.js', 420, 436 ]
210 silly gunzTarPerm extractEntry raw.js
211 silly gunzTarPerm modified mode [ 'raw.js', 420, 436 ]
212 silly gunzTarPerm extractEntry CHANGES.md
213 silly gunzTarPerm modified mode [ 'CHANGES.md', 420, 436 ]
214 silly gunzTarPerm extractEntry LICENSE.md
215 silly gunzTarPerm modified mode [ 'LICENSE.md', 420, 436 ]
216 silly gunzTarPerm extractEntry build.js
217 silly gunzTarPerm modified mode [ 'build.js', 420, 436 ]
218 silly gunzTarPerm extractEntry core.js
219 silly gunzTarPerm modified mode [ 'core.js', 420, 436 ]
220 silly gunzTarPerm extractEntry browser-asap.js
221 silly gunzTarPerm modified mode [ 'browser-asap.js', 420, 436 ]
222 silly gunzTarPerm extractEntry browser-raw.js
223 silly gunzTarPerm modified mode [ 'browser-raw.js', 420, 436 ]
224 silly gunzTarPerm extractEntry raw.js
225 silly gunzTarPerm modified mode [ 'raw.js', 420, 436 ]
226 silly gunzTarPerm extractEntry CHANGES.md
227 silly gunzTarPerm modified mode [ 'CHANGES.md', 420, 436 ]
228 silly gunzTarPerm extractEntry LICENSE.md
229 silly gunzTarPerm modified mode [ 'LICENSE.md', 420, 436 ]
230 silly gunzTarPerm extractEntry index.js
231 silly gunzTarPerm modified mode [ 'index.js', 420, 436 ]
232 silly gunzTarPerm extractEntry polyfill-done.js
233 silly gunzTarPerm modified mode [ 'polyfill-done.js', 420, 436 ]
234 silly gunzTarPerm extractEntry polyfill.js
235 silly gunzTarPerm modified mode [ 'polyfill.js', 420, 436 ]
236 silly gunzTarPerm extractEntry index.d.ts
237 silly gunzTarPerm modified mode [ 'index.d.ts', 420, 436 ]
238 silly gunzTarPerm extractEntry domains/core.js
239 silly gunzTarPerm modified mode [ 'domains/core.js', 420, 436 ]
240 silly gunzTarPerm extractEntry domains/done.js
241 silly gunzTarPerm modified mode [ 'domains/done.js', 420, 436 ]
242 silly gunzTarPerm extractEntry domains/es6-extensions.js
243 silly gunzTarPerm modified mode [ 'domains/es6-extensions.js', 420, 436 ]
244 silly gunzTarPerm extractEntry domains/finally.js
245 silly gunzTarPerm modified mode [ 'domains/finally.js', 420, 436 ]
246 silly gunzTarPerm extractEntry domains/index.js
247 silly gunzTarPerm modified mode [ 'domains/index.js', 420, 436 ]
248 silly gunzTarPerm extractEntry domains/node-extensions.js
249 silly gunzTarPerm modified mode [ 'domains/node-extensions.js', 420, 436 ]
250 silly gunzTarPerm extractEntry domains/rejection-tracking.js
251 silly gunzTarPerm modified mode [ 'domains/rejection-tracking.js', 420, 436 ]
252 silly gunzTarPerm extractEntry domains/synchronous.js
253 silly gunzTarPerm modified mode [ 'domains/synchronous.js', 420, 436 ]
254 silly gunzTarPerm extractEntry .jshintrc
255 silly gunzTarPerm modified mode [ '.jshintrc', 420, 436 ]
256 silly gunzTarPerm extractEntry Readme.md
257 silly gunzTarPerm modified mode [ 'Readme.md', 420, 436 ]
258 silly gunzTarPerm extractEntry lib/core.js
259 silly gunzTarPerm modified mode [ 'lib/core.js', 420, 436 ]
260 silly gunzTarPerm extractEntry lib/done.js
261 silly gunzTarPerm modified mode [ 'lib/done.js', 420, 436 ]
262 silly gunzTarPerm extractEntry lib/es6-extensions.js
263 silly gunzTarPerm modified mode [ 'lib/es6-extensions.js', 420, 436 ]
264 silly gunzTarPerm extractEntry lib/finally.js
265 silly gunzTarPerm modified mode [ 'lib/finally.js', 420, 436 ]
266 silly gunzTarPerm extractEntry lib/index.js
267 silly gunzTarPerm modified mode [ 'lib/index.js', 420, 436 ]
268 silly gunzTarPerm extractEntry lib/node-extensions.js
269 silly gunzTarPerm modified mode [ 'lib/node-extensions.js', 420, 436 ]
270 silly gunzTarPerm extractEntry lib/rejection-tracking.js
271 silly gunzTarPerm modified mode [ 'lib/rejection-tracking.js', 420, 436 ]
272 silly gunzTarPerm extractEntry lib/synchronous.js
273 silly gunzTarPerm modified mode [ 'lib/synchronous.js', 420, 436 ]
274 silly gunzTarPerm extractEntry src/core.js
275 silly gunzTarPerm modified mode [ 'src/core.js', 420, 436 ]
276 silly gunzTarPerm extractEntry src/done.js
277 silly gunzTarPerm modified mode [ 'src/done.js', 420, 436 ]
278 silly gunzTarPerm extractEntry src/es6-extensions.js
279 silly gunzTarPerm modified mode [ 'src/es6-extensions.js', 420, 436 ]
280 silly gunzTarPerm extractEntry src/finally.js
281 silly gunzTarPerm modified mode [ 'src/finally.js', 420, 436 ]
282 silly gunzTarPerm extractEntry src/index.js
283 silly gunzTarPerm modified mode [ 'src/index.js', 420, 436 ]
284 silly gunzTarPerm extractEntry src/node-extensions.js
285 silly gunzTarPerm modified mode [ 'src/node-extensions.js', 420, 436 ]
286 silly gunzTarPerm extractEntry src/rejection-tracking.js
287 silly gunzTarPerm modified mode [ 'src/rejection-tracking.js', 420, 436 ]
288 silly gunzTarPerm extractEntry src/synchronous.js
289 silly gunzTarPerm modified mode [ 'src/synchronous.js', 420, 436 ]
290 silly gunzTarPerm extractEntry setimmediate/core.js
291 silly gunzTarPerm modified mode [ 'setimmediate/core.js', 420, 436 ]
292 silly gunzTarPerm extractEntry setimmediate/done.js
293 silly gunzTarPerm modified mode [ 'setimmediate/done.js', 420, 436 ]
294 silly gunzTarPerm extractEntry setimmediate/es6-extensions.js
295 silly gunzTarPerm modified mode [ 'setimmediate/es6-extensions.js', 420, 436 ]
296 silly gunzTarPerm extractEntry setimmediate/finally.js
297 silly gunzTarPerm modified mode [ 'setimmediate/finally.js', 420, 436 ]
298 silly gunzTarPerm extractEntry setimmediate/index.js
299 silly gunzTarPerm modified mode [ 'setimmediate/index.js', 420, 436 ]
300 silly gunzTarPerm extractEntry setimmediate/node-extensions.js
301 silly gunzTarPerm modified mode [ 'setimmediate/node-extensions.js', 420, 436 ]
302 silly gunzTarPerm extractEntry setimmediate/rejection-tracking.js
303 silly gunzTarPerm modified mode [ 'setimmediate/rejection-tracking.js', 420, 436 ]
304 silly gunzTarPerm extractEntry setimmediate/synchronous.js
305 silly gunzTarPerm modified mode [ 'setimmediate/synchronous.js', 420, 436 ]
306 silly gentlyRm /home/ec2-user/trip-flights/node_modules/.staging/promise-90b38f9e/node_modules is being purged
307 verbose gentlyRm don't care about contents; nuking /home/ec2-user/trip-flights/node_modules/.staging/promise-90b38f9e/node_modules
308 verbose unlock done using /home/ec2-user/.npm/_locks/staging-9a6a8d0fe5ecf616.lock for /home/ec2-user/trip-flights/node_modules/.staging
309 silly rollbackFailedOptional Starting
310 silly rollbackFailedOptional Finishing
311 silly runTopLevelLifecycles Finishing
312 silly install printInstalled
313 warn trip-flights@1.0.0 No repository field.
314 verbose If you need help, you may report this error at:
314 verbose     <https://github.com/npm/npm/issues>
315 warn optional SKIPPING OPTIONAL DEPENDENCY: asap@2.0.5 (node_modules/asap):
316 warn optional SKIPPING OPTIONAL DEPENDENCY: Failed to parse json
316 warn optional SKIPPING OPTIONAL DEPENDENCY: Unexpected token '"' at 56:1
316 warn optional SKIPPING OPTIONAL DEPENDENCY: ": "^1.0.5",
316 warn optional SKIPPING OPTIONAL DEPENDENCY: ^
317 warn optional SKIPPING OPTIONAL DEPENDENCY: File: /home/ec2-user/trip-flights/node_modules/.staging/asap-1b119532/package.json
318 verbose optional SKIPPING OPTIONAL DEPENDENCY: Failed to parse package.json data.
318 verbose optional SKIPPING OPTIONAL DEPENDENCY: package.json must be actual JSON, not just JavaScript.
318 verbose optional SKIPPING OPTIONAL DEPENDENCY:
318 verbose optional SKIPPING OPTIONAL DEPENDENCY: This is not a bug in npm.
318 verbose optional SKIPPING OPTIONAL DEPENDENCY: Tell the package author to fix their package.json file. JSON.parse
319 verbose stack Error: Failed to parse json
319 verbose stack Unexpected token '"' at 56:1
319 verbose stack ": "^1.0.5",
319 verbose stack ^
319 verbose stack     at parseError (/usr/local/lib/node_modules/npm/node_modules/read-package-json/read-json.js:390:11)
319 verbose stack     at parseJson (/usr/local/lib/node_modules/npm/node_modules/read-package-json/read-json.js:79:23)
319 verbose stack     at /usr/local/lib/node_modules/npm/node_modules/read-package-json/read-json.js:48:5
319 verbose stack     at /usr/local/lib/node_modules/npm/node_modules/graceful-fs/graceful-fs.js:78:16
319 verbose stack     at tryToString (fs.js:455:3)
319 verbose stack     at FSReqWrap.readFileAfterClose [as oncomplete] (fs.js:442:12)
320 verbose cwd /home/ec2-user/trip-flights
321 error Linux 4.4.19-29.55.amzn1.x86_64
322 error argv "/usr/local/bin/node" "/usr/local/bin/npm" "install" "--save" "promise"
323 error node v6.5.0
324 error npm  v3.10.9
325 error file /home/ec2-user/trip-flights/node_modules/.staging/asap-1b119532/package.json
326 error code EJSONPARSE
327 error Failed to parse json
327 error Unexpected token '"' at 56:1
327 error ": "^1.0.5",
327 error ^
328 error File: /home/ec2-user/trip-flights/node_modules/.staging/asap-1b119532/package.json
329 error Failed to parse package.json data.
329 error package.json must be actual JSON, not just JavaScript.
329 error
329 error This is not a bug in npm.
329 error Tell the package author to fix their package.json file. JSON.parse
330 verbose exit [ 1, true ]
